<?xml version="1.0" encoding="UTF-8"?>
<testng-results skipped="0" failed="0" ignored="0" total="0" passed="0">
  <reporter-output>
  </reporter-output>
  <suite name="Regression Suite" duration-ms="6" started-at="2020-01-19T12:44:51 EST" finished-at="2020-01-19T12:44:51 EST">
    <groups>
    </groups>
    <test name="Regression Test" duration-ms="6" started-at="2020-01-19T12:44:51 EST" finished-at="2020-01-19T12:44:51 EST">
    </test> <!-- Regression Test -->
  </suite> <!-- Regression Suite -->
</testng-results>
